<?xml version="1.0" encoding="UTF-8" ?>
<testsuite tests="34" failures="7" name="TestSuite" time="2,869.546" errors="0" skipped="0">
  <properties>
    <property name="java.runtime.name" value="Java(TM) SE Runtime Environment"/>
    <property name="sun.boot.library.path" value="C:\Program Files (x86)\Java\jdk1.8.0_144\jre\bin"/>
    <property name="java.vm.version" value="25.144-b01"/>
    <property name="java.vm.vendor" value="Oracle Corporation"/>
    <property name="java.vendor.url" value="http://java.oracle.com/"/>
    <property name="path.separator" value=";"/>
    <property name="java.vm.name" value="Java HotSpot(TM) Client VM"/>
    <property name="file.encoding.pkg" value="sun.io"/>
    <property name="user.script" value=""/>
    <property name="user.country" value="CN"/>
    <property name="sun.java.launcher" value="SUN_STANDARD"/>
    <property name="sun.os.patch.level" value=""/>
    <property name="java.vm.specification.name" value="Java Virtual Machine Specification"/>
    <property name="user.dir" value="D:\Springboot\AppiumTest"/>
    <property name="java.runtime.version" value="1.8.0_144-b01"/>
    <property name="java.awt.graphicsenv" value="sun.awt.Win32GraphicsEnvironment"/>
    <property name="basedir" value="D:\Springboot\AppiumTest"/>
    <property name="java.endorsed.dirs" value="C:\Program Files (x86)\Java\jdk1.8.0_144\jre\lib\endorsed"/>
    <property name="os.arch" value="x86"/>
    <property name="surefire.real.class.path" value="D:\Springboot\AppiumTest\target\surefire\surefirebooter5925899094023065049.jar"/>
    <property name="java.io.tmpdir" value="C:\Users\ADMINI~1\AppData\Local\Temp\"/>
    <property name="line.separator" value="
"/>
    <property name="java.vm.specification.vendor" value="Oracle Corporation"/>
    <property name="user.variant" value=""/>
    <property name="os.name" value="Windows 10"/>
    <property name="sun.jnu.encoding" value="GBK"/>
    <property name="java.library.path" value="C:\Program Files (x86)\Java\jdk1.8.0_144\jre\bin;C:\WINDOWS\Sun\Java\bin;C:\WINDOWS\system32;C:\WINDOWS;C:\Program Files (x86)\Common Files\Oracle\Java\javapath;C:\ProgramData\Oracle\Java\javapath;C:\WINDOWS\system32;C:\WINDOWS;C:\WINDOWS\System32\Wbem;C:\WINDOWS\System32\WindowsPowerShell\v1.0\;&quot;C:\Program Files (x86)\Java\jdk1.8.0_144\bin;C:\Program Files (x86)\Java\jdk1.8.0_144\jre\bin;&quot;;D:\apache-maven-3.5.3\bin;C:\Program Files\Git\cmd;C:\Python27;C:\Program Files\MySQL\MySQL Server 8.0\bin;D:\adt-bundle-windows-x86_64-20140702\sdk\platform-tools;D:\adt-bundle-windows-x86_64-20140702\sdk\tools;C:\Program Files\nodejs\;C:\Users\Administrator\AppData\Roaming\npm\node_modules\appium\node_modules\.bin;C:\Program Files\Git LFS;D:\adt-bundle-windows-x86_64-20140702\sdk\build-tools\android-4.4W\aapt.exe;C:\Users\Administrator\AppData\Local\Microsoft\WindowsApps;C:\Users\Administrator\AppData\Local\Programs\Fiddler;C:\Users\Administrator\AppData\Local\Microsoft\WindowsApps;C:\Program Files (x86)\Java\jdk1.8.0_144\bin;D:\Tools\adb;C:\Users\Administrator\AppData\Roaming\npm;."/>
    <property name="surefire.test.class.path" value="D:\Springboot\AppiumTest\target\test-classes;D:\Springboot\AppiumTest\target\classes;D:\apache-maven-3.5.3\localRepository_tx\org\testng\testng\6.9.10\testng-6.9.10.jar;D:\apache-maven-3.5.3\localRepository_tx\com\beust\jcommander\1.48\jcommander-1.48.jar;D:\apache-maven-3.5.3\localRepository_tx\org\beanshell\bsh\2.0b4\bsh-2.0b4.jar;D:\apache-maven-3.5.3\localRepository_tx\io\appium\java-client\3.1.0\java-client-3.1.0.jar;D:\apache-maven-3.5.3\localRepository_tx\com\google\code\gson\gson\2.2.4\gson-2.2.4.jar;D:\apache-maven-3.5.3\localRepository_tx\org\seleniumhq\selenium\selenium-java\2.46.0\selenium-java-2.46.0.jar;D:\apache-maven-3.5.3\localRepository_tx\org\seleniumhq\selenium\selenium-chrome-driver\2.46.0\selenium-chrome-driver-2.46.0.jar;D:\apache-maven-3.5.3\localRepository_tx\org\seleniumhq\selenium\selenium-remote-driver\2.46.0\selenium-remote-driver-2.46.0.jar;D:\apache-maven-3.5.3\localRepository_tx\cglib\cglib-nodep\2.1_3\cglib-nodep-2.1_3.jar;D:\apache-maven-3.5.3\localRepository_tx\org\seleniumhq\selenium\selenium-api\2.46.0\selenium-api-2.46.0.jar;D:\apache-maven-3.5.3\localRepository_tx\org\seleniumhq\selenium\selenium-htmlunit-driver\2.46.0\selenium-htmlunit-driver-2.46.0.jar;D:\apache-maven-3.5.3\localRepository_tx\net\sourceforge\htmlunit\htmlunit\2.17\htmlunit-2.17.jar;D:\apache-maven-3.5.3\localRepository_tx\commons-collections\commons-collections\3.2.1\commons-collections-3.2.1.jar;D:\apache-maven-3.5.3\localRepository_tx\org\apache\commons\commons-lang3\3.4\commons-lang3-3.4.jar;D:\apache-maven-3.5.3\localRepository_tx\net\sourceforge\htmlunit\htmlunit-core-js\2.17\htmlunit-core-js-2.17.jar;D:\apache-maven-3.5.3\localRepository_tx\net\sourceforge\nekohtml\nekohtml\1.9.22\nekohtml-1.9.22.jar;D:\apache-maven-3.5.3\localRepository_tx\net\sourceforge\cssparser\cssparser\0.9.16\cssparser-0.9.16.jar;D:\apache-maven-3.5.3\localRepository_tx\org\w3c\css\sac\1.3\sac-1.3.jar;D:\apache-maven-3.5.3\localRepository_tx\org\eclipse\jetty\websocket\websocket-client\9.2.11.v20150529\websocket-client-9.2.11.v20150529.jar;D:\apache-maven-3.5.3\localRepository_tx\org\eclipse\jetty\jetty-util\9.2.11.v20150529\jetty-util-9.2.11.v20150529.jar;D:\apache-maven-3.5.3\localRepository_tx\org\eclipse\jetty\jetty-io\9.2.11.v20150529\jetty-io-9.2.11.v20150529.jar;D:\apache-maven-3.5.3\localRepository_tx\org\eclipse\jetty\websocket\websocket-common\9.2.11.v20150529\websocket-common-9.2.11.v20150529.jar;D:\apache-maven-3.5.3\localRepository_tx\org\eclipse\jetty\websocket\websocket-api\9.2.11.v20150529\websocket-api-9.2.11.v20150529.jar;D:\apache-maven-3.5.3\localRepository_tx\org\seleniumhq\selenium\selenium-firefox-driver\2.46.0\selenium-firefox-driver-2.46.0.jar;D:\apache-maven-3.5.3\localRepository_tx\org\apache\commons\commons-exec\1.3\commons-exec-1.3.jar;D:\apache-maven-3.5.3\localRepository_tx\org\seleniumhq\selenium\selenium-ie-driver\2.46.0\selenium-ie-driver-2.46.0.jar;D:\apache-maven-3.5.3\localRepository_tx\net\java\dev\jna\jna\4.1.0\jna-4.1.0.jar;D:\apache-maven-3.5.3\localRepository_tx\net\java\dev\jna\jna-platform\4.1.0\jna-platform-4.1.0.jar;D:\apache-maven-3.5.3\localRepository_tx\org\seleniumhq\selenium\selenium-safari-driver\2.46.0\selenium-safari-driver-2.46.0.jar;D:\apache-maven-3.5.3\localRepository_tx\org\seleniumhq\selenium\selenium-support\2.46.0\selenium-support-2.46.0.jar;D:\apache-maven-3.5.3\localRepository_tx\org\webbitserver\webbit\0.4.14\webbit-0.4.14.jar;D:\apache-maven-3.5.3\localRepository_tx\io\netty\netty\3.5.2.Final\netty-3.5.2.Final.jar;D:\apache-maven-3.5.3\localRepository_tx\org\seleniumhq\selenium\selenium-leg-rc\2.46.0\selenium-leg-rc-2.46.0.jar;D:\apache-maven-3.5.3\localRepository_tx\org\apache\httpcomponents\httpclient\4.3.3\httpclient-4.3.3.jar;D:\apache-maven-3.5.3\localRepository_tx\org\apache\httpcomponents\httpcore\4.3.2\httpcore-4.3.2.jar;D:\apache-maven-3.5.3\localRepository_tx\commons-codec\commons-codec\1.6\commons-codec-1.6.jar;D:\apache-maven-3.5.3\localRepository_tx\com\google\guava\guava\17.0\guava-17.0.jar;D:\apache-maven-3.5.3\localRepository_tx\cglib\cglib\3.1\cglib-3.1.jar;D:\apache-maven-3.5.3\localRepository_tx\org\ow2\asm\asm\4.2\asm-4.2.jar;D:\apache-maven-3.5.3\localRepository_tx\jaxen\jaxen\1.1.1\jaxen-1.1.1.jar;D:\apache-maven-3.5.3\localRepository_tx\dom4j\dom4j\1.6.1\dom4j-1.6.1.jar;D:\apache-maven-3.5.3\localRepository_tx\jdom\jdom\1.0\jdom-1.0.jar;D:\apache-maven-3.5.3\localRepository_tx\xml-apis\xml-apis\1.3.02\xml-apis-1.3.02.jar;D:\apache-maven-3.5.3\localRepository_tx\xerces\xercesImpl\2.6.2\xercesImpl-2.6.2.jar;D:\apache-maven-3.5.3\localRepository_tx\xom\xom\1.0\xom-1.0.jar;D:\apache-maven-3.5.3\localRepository_tx\xerces\xmlParserAPIs\2.6.2\xmlParserAPIs-2.6.2.jar;D:\apache-maven-3.5.3\localRepository_tx\xalan\xalan\2.6.0\xalan-2.6.0.jar;D:\apache-maven-3.5.3\localRepository_tx\com\ibm\icu\icu4j\2.6.1\icu4j-2.6.1.jar;D:\apache-maven-3.5.3\localRepository_tx\commons-io\commons-io\2.4\commons-io-2.4.jar;D:\apache-maven-3.5.3\localRepository_tx\log4j\log4j\1.2.17\log4j-1.2.17.jar;D:\apache-maven-3.5.3\localRepository_tx\org\slf4j\slf4j-api\1.7.21\slf4j-api-1.7.21.jar;D:\apache-maven-3.5.3\localRepository_tx\org\slf4j\slf4j-log4j12\1.7.21\slf4j-log4j12-1.7.21.jar;D:\apache-maven-3.5.3\localRepository_tx\org\slf4j\slf4j-simple\1.7.21\slf4j-simple-1.7.21.jar;D:\apache-maven-3.5.3\localRepository_tx\org\springframework\spring-context\4.2.6.RELEASE\spring-context-4.2.6.RELEASE.jar;D:\apache-maven-3.5.3\localRepository_tx\org\springframework\spring-aop\4.2.6.RELEASE\spring-aop-4.2.6.RELEASE.jar;D:\apache-maven-3.5.3\localRepository_tx\aopalliance\aopalliance\1.0\aopalliance-1.0.jar;D:\apache-maven-3.5.3\localRepository_tx\org\springframework\spring-beans\4.2.6.RELEASE\spring-beans-4.2.6.RELEASE.jar;D:\apache-maven-3.5.3\localRepository_tx\org\springframework\spring-core\4.2.6.RELEASE\spring-core-4.2.6.RELEASE.jar;D:\apache-maven-3.5.3\localRepository_tx\org\springframework\spring-expression\4.2.6.RELEASE\spring-expression-4.2.6.RELEASE.jar;D:\apache-maven-3.5.3\localRepository_tx\mysql\mysql-connector-java\8.0.13\mysql-connector-java-8.0.13.jar;D:\apache-maven-3.5.3\localRepository_tx\com\google\protobuf\protobuf-java\3.6.1\protobuf-java-3.6.1.jar;D:\apache-maven-3.5.3\localRepository_tx\org\mybatis\mybatis\3.4.4\mybatis-3.4.4.jar;D:\apache-maven-3.5.3\localRepository_tx\org\yaml\snakeyaml\1.12\snakeyaml-1.12.jar;D:\apache-maven-3.5.3\localRepository_tx\com\relevantcodes\extentreports\2.41.1\extentreports-2.41.1.jar;D:\apache-maven-3.5.3\localRepository_tx\org\jsoup\jsoup\1.8.3\jsoup-1.8.3.jar;D:\apache-maven-3.5.3\localRepository_tx\org\xerial\sqlite-jdbc\3.8.11.1\sqlite-jdbc-3.8.11.1.jar;D:\apache-maven-3.5.3\localRepository_tx\org\freemarker\freemarker\2.3.23\freemarker-2.3.23.jar;D:\apache-maven-3.5.3\localRepository_tx\org\mongodb\mongodb-driver\3.0.4\mongodb-driver-3.0.4.jar;D:\apache-maven-3.5.3\localRepository_tx\org\mongodb\bson\3.0.4\bson-3.0.4.jar;D:\apache-maven-3.5.3\localRepository_tx\org\mongodb\mongodb-driver-core\3.0.4\mongodb-driver-core-3.0.4.jar;D:\apache-maven-3.5.3\localRepository_tx\com\vimalselvam\testng-extentsreport\1.3.1\testng-extentsreport-1.3.1.jar;D:\apache-maven-3.5.3\localRepository_tx\com\aventstack\extentreports\3.0.6\extentreports-3.0.6.jar;D:\apache-maven-3.5.3\localRepository_tx\org\apache\httpcomponents\httpmime\4.5.2\httpmime-4.5.2.jar;D:\apache-maven-3.5.3\localRepository_tx\com\lowagie\itext\2.1.5\itext-2.1.5.jar;D:\apache-maven-3.5.3\localRepository_tx\bouncycastle\bcmail-jdk14\138\bcmail-jdk14-138.jar;D:\apache-maven-3.5.3\localRepository_tx\bouncycastle\bcprov-jdk14\138\bcprov-jdk14-138.jar;D:\apache-maven-3.5.3\localRepository_tx\com\lowagie\itext-rtf\2.1.4\itext-rtf-2.1.4.jar;D:\apache-maven-3.5.3\localRepository_tx\com\itextpdf\itext-asian\5.2.0\itext-asian-5.2.0.jar;D:\apache-maven-3.5.3\localRepository_tx\commons-logging\commons-logging\1.2\commons-logging-1.2.jar;"/>
    <property name="java.specification.name" value="Java Platform API Specification"/>
    <property name="java.class.version" value="52.0"/>
    <property name="sun.management.compiler" value="HotSpot Client Compiler"/>
    <property name="os.version" value="10.0"/>
    <property name="user.home" value="C:\Users\Administrator"/>
    <property name="user.timezone" value="Asia/Shanghai"/>
    <property name="java.awt.printerjob" value="sun.awt.windows.WPrinterJob"/>
    <property name="java.specification.version" value="1.8"/>
    <property name="file.encoding" value="GBK"/>
    <property name="user.name" value="Administrator"/>
    <property name="java.class.path" value="D:\Springboot\AppiumTest\target\test-classes;D:\Springboot\AppiumTest\target\classes;D:\apache-maven-3.5.3\localRepository_tx\org\testng\testng\6.9.10\testng-6.9.10.jar;D:\apache-maven-3.5.3\localRepository_tx\com\beust\jcommander\1.48\jcommander-1.48.jar;D:\apache-maven-3.5.3\localRepository_tx\org\beanshell\bsh\2.0b4\bsh-2.0b4.jar;D:\apache-maven-3.5.3\localRepository_tx\io\appium\java-client\3.1.0\java-client-3.1.0.jar;D:\apache-maven-3.5.3\localRepository_tx\com\google\code\gson\gson\2.2.4\gson-2.2.4.jar;D:\apache-maven-3.5.3\localRepository_tx\org\seleniumhq\selenium\selenium-java\2.46.0\selenium-java-2.46.0.jar;D:\apache-maven-3.5.3\localRepository_tx\org\seleniumhq\selenium\selenium-chrome-driver\2.46.0\selenium-chrome-driver-2.46.0.jar;D:\apache-maven-3.5.3\localRepository_tx\org\seleniumhq\selenium\selenium-remote-driver\2.46.0\selenium-remote-driver-2.46.0.jar;D:\apache-maven-3.5.3\localRepository_tx\cglib\cglib-nodep\2.1_3\cglib-nodep-2.1_3.jar;D:\apache-maven-3.5.3\localRepository_tx\org\seleniumhq\selenium\selenium-api\2.46.0\selenium-api-2.46.0.jar;D:\apache-maven-3.5.3\localRepository_tx\org\seleniumhq\selenium\selenium-htmlunit-driver\2.46.0\selenium-htmlunit-driver-2.46.0.jar;D:\apache-maven-3.5.3\localRepository_tx\net\sourceforge\htmlunit\htmlunit\2.17\htmlunit-2.17.jar;D:\apache-maven-3.5.3\localRepository_tx\commons-collections\commons-collections\3.2.1\commons-collections-3.2.1.jar;D:\apache-maven-3.5.3\localRepository_tx\org\apache\commons\commons-lang3\3.4\commons-lang3-3.4.jar;D:\apache-maven-3.5.3\localRepository_tx\net\sourceforge\htmlunit\htmlunit-core-js\2.17\htmlunit-core-js-2.17.jar;D:\apache-maven-3.5.3\localRepository_tx\net\sourceforge\nekohtml\nekohtml\1.9.22\nekohtml-1.9.22.jar;D:\apache-maven-3.5.3\localRepository_tx\net\sourceforge\cssparser\cssparser\0.9.16\cssparser-0.9.16.jar;D:\apache-maven-3.5.3\localRepository_tx\org\w3c\css\sac\1.3\sac-1.3.jar;D:\apache-maven-3.5.3\localRepository_tx\org\eclipse\jetty\websocket\websocket-client\9.2.11.v20150529\websocket-client-9.2.11.v20150529.jar;D:\apache-maven-3.5.3\localRepository_tx\org\eclipse\jetty\jetty-util\9.2.11.v20150529\jetty-util-9.2.11.v20150529.jar;D:\apache-maven-3.5.3\localRepository_tx\org\eclipse\jetty\jetty-io\9.2.11.v20150529\jetty-io-9.2.11.v20150529.jar;D:\apache-maven-3.5.3\localRepository_tx\org\eclipse\jetty\websocket\websocket-common\9.2.11.v20150529\websocket-common-9.2.11.v20150529.jar;D:\apache-maven-3.5.3\localRepository_tx\org\eclipse\jetty\websocket\websocket-api\9.2.11.v20150529\websocket-api-9.2.11.v20150529.jar;D:\apache-maven-3.5.3\localRepository_tx\org\seleniumhq\selenium\selenium-firefox-driver\2.46.0\selenium-firefox-driver-2.46.0.jar;D:\apache-maven-3.5.3\localRepository_tx\org\apache\commons\commons-exec\1.3\commons-exec-1.3.jar;D:\apache-maven-3.5.3\localRepository_tx\org\seleniumhq\selenium\selenium-ie-driver\2.46.0\selenium-ie-driver-2.46.0.jar;D:\apache-maven-3.5.3\localRepository_tx\net\java\dev\jna\jna\4.1.0\jna-4.1.0.jar;D:\apache-maven-3.5.3\localRepository_tx\net\java\dev\jna\jna-platform\4.1.0\jna-platform-4.1.0.jar;D:\apache-maven-3.5.3\localRepository_tx\org\seleniumhq\selenium\selenium-safari-driver\2.46.0\selenium-safari-driver-2.46.0.jar;D:\apache-maven-3.5.3\localRepository_tx\org\seleniumhq\selenium\selenium-support\2.46.0\selenium-support-2.46.0.jar;D:\apache-maven-3.5.3\localRepository_tx\org\webbitserver\webbit\0.4.14\webbit-0.4.14.jar;D:\apache-maven-3.5.3\localRepository_tx\io\netty\netty\3.5.2.Final\netty-3.5.2.Final.jar;D:\apache-maven-3.5.3\localRepository_tx\org\seleniumhq\selenium\selenium-leg-rc\2.46.0\selenium-leg-rc-2.46.0.jar;D:\apache-maven-3.5.3\localRepository_tx\org\apache\httpcomponents\httpclient\4.3.3\httpclient-4.3.3.jar;D:\apache-maven-3.5.3\localRepository_tx\org\apache\httpcomponents\httpcore\4.3.2\httpcore-4.3.2.jar;D:\apache-maven-3.5.3\localRepository_tx\commons-codec\commons-codec\1.6\commons-codec-1.6.jar;D:\apache-maven-3.5.3\localRepository_tx\com\google\guava\guava\17.0\guava-17.0.jar;D:\apache-maven-3.5.3\localRepository_tx\cglib\cglib\3.1\cglib-3.1.jar;D:\apache-maven-3.5.3\localRepository_tx\org\ow2\asm\asm\4.2\asm-4.2.jar;D:\apache-maven-3.5.3\localRepository_tx\jaxen\jaxen\1.1.1\jaxen-1.1.1.jar;D:\apache-maven-3.5.3\localRepository_tx\dom4j\dom4j\1.6.1\dom4j-1.6.1.jar;D:\apache-maven-3.5.3\localRepository_tx\jdom\jdom\1.0\jdom-1.0.jar;D:\apache-maven-3.5.3\localRepository_tx\xml-apis\xml-apis\1.3.02\xml-apis-1.3.02.jar;D:\apache-maven-3.5.3\localRepository_tx\xerces\xercesImpl\2.6.2\xercesImpl-2.6.2.jar;D:\apache-maven-3.5.3\localRepository_tx\xom\xom\1.0\xom-1.0.jar;D:\apache-maven-3.5.3\localRepository_tx\xerces\xmlParserAPIs\2.6.2\xmlParserAPIs-2.6.2.jar;D:\apache-maven-3.5.3\localRepository_tx\xalan\xalan\2.6.0\xalan-2.6.0.jar;D:\apache-maven-3.5.3\localRepository_tx\com\ibm\icu\icu4j\2.6.1\icu4j-2.6.1.jar;D:\apache-maven-3.5.3\localRepository_tx\commons-io\commons-io\2.4\commons-io-2.4.jar;D:\apache-maven-3.5.3\localRepository_tx\log4j\log4j\1.2.17\log4j-1.2.17.jar;D:\apache-maven-3.5.3\localRepository_tx\org\slf4j\slf4j-api\1.7.21\slf4j-api-1.7.21.jar;D:\apache-maven-3.5.3\localRepository_tx\org\slf4j\slf4j-log4j12\1.7.21\slf4j-log4j12-1.7.21.jar;D:\apache-maven-3.5.3\localRepository_tx\org\slf4j\slf4j-simple\1.7.21\slf4j-simple-1.7.21.jar;D:\apache-maven-3.5.3\localRepository_tx\org\springframework\spring-context\4.2.6.RELEASE\spring-context-4.2.6.RELEASE.jar;D:\apache-maven-3.5.3\localRepository_tx\org\springframework\spring-aop\4.2.6.RELEASE\spring-aop-4.2.6.RELEASE.jar;D:\apache-maven-3.5.3\localRepository_tx\aopalliance\aopalliance\1.0\aopalliance-1.0.jar;D:\apache-maven-3.5.3\localRepository_tx\org\springframework\spring-beans\4.2.6.RELEASE\spring-beans-4.2.6.RELEASE.jar;D:\apache-maven-3.5.3\localRepository_tx\org\springframework\spring-core\4.2.6.RELEASE\spring-core-4.2.6.RELEASE.jar;D:\apache-maven-3.5.3\localRepository_tx\org\springframework\spring-expression\4.2.6.RELEASE\spring-expression-4.2.6.RELEASE.jar;D:\apache-maven-3.5.3\localRepository_tx\mysql\mysql-connector-java\8.0.13\mysql-connector-java-8.0.13.jar;D:\apache-maven-3.5.3\localRepository_tx\com\google\protobuf\protobuf-java\3.6.1\protobuf-java-3.6.1.jar;D:\apache-maven-3.5.3\localRepository_tx\org\mybatis\mybatis\3.4.4\mybatis-3.4.4.jar;D:\apache-maven-3.5.3\localRepository_tx\org\yaml\snakeyaml\1.12\snakeyaml-1.12.jar;D:\apache-maven-3.5.3\localRepository_tx\com\relevantcodes\extentreports\2.41.1\extentreports-2.41.1.jar;D:\apache-maven-3.5.3\localRepository_tx\org\jsoup\jsoup\1.8.3\jsoup-1.8.3.jar;D:\apache-maven-3.5.3\localRepository_tx\org\xerial\sqlite-jdbc\3.8.11.1\sqlite-jdbc-3.8.11.1.jar;D:\apache-maven-3.5.3\localRepository_tx\org\freemarker\freemarker\2.3.23\freemarker-2.3.23.jar;D:\apache-maven-3.5.3\localRepository_tx\org\mongodb\mongodb-driver\3.0.4\mongodb-driver-3.0.4.jar;D:\apache-maven-3.5.3\localRepository_tx\org\mongodb\bson\3.0.4\bson-3.0.4.jar;D:\apache-maven-3.5.3\localRepository_tx\org\mongodb\mongodb-driver-core\3.0.4\mongodb-driver-core-3.0.4.jar;D:\apache-maven-3.5.3\localRepository_tx\com\vimalselvam\testng-extentsreport\1.3.1\testng-extentsreport-1.3.1.jar;D:\apache-maven-3.5.3\localRepository_tx\com\aventstack\extentreports\3.0.6\extentreports-3.0.6.jar;D:\apache-maven-3.5.3\localRepository_tx\org\apache\httpcomponents\httpmime\4.5.2\httpmime-4.5.2.jar;D:\apache-maven-3.5.3\localRepository_tx\com\lowagie\itext\2.1.5\itext-2.1.5.jar;D:\apache-maven-3.5.3\localRepository_tx\bouncycastle\bcmail-jdk14\138\bcmail-jdk14-138.jar;D:\apache-maven-3.5.3\localRepository_tx\bouncycastle\bcprov-jdk14\138\bcprov-jdk14-138.jar;D:\apache-maven-3.5.3\localRepository_tx\com\lowagie\itext-rtf\2.1.4\itext-rtf-2.1.4.jar;D:\apache-maven-3.5.3\localRepository_tx\com\itextpdf\itext-asian\5.2.0\itext-asian-5.2.0.jar;D:\apache-maven-3.5.3\localRepository_tx\commons-logging\commons-logging\1.2\commons-logging-1.2.jar;"/>
    <property name="java.vm.specification.version" value="1.8"/>
    <property name="sun.arch.data.model" value="32"/>
    <property name="java.home" value="C:\Program Files (x86)\Java\jdk1.8.0_144\jre"/>
    <property name="sun.java.command" value="D:\Springboot\AppiumTest\target\surefire\surefirebooter5925899094023065049.jar D:\Springboot\AppiumTest\target\surefire\surefire8569430966618300273tmp D:\Springboot\AppiumTest\target\surefire\surefire8217395056815925863tmp"/>
    <property name="java.specification.vendor" value="Oracle Corporation"/>
    <property name="user.language" value="zh"/>
    <property name="awt.toolkit" value="sun.awt.windows.WToolkit"/>
    <property name="java.vm.info" value="mixed mode"/>
    <property name="java.version" value="1.8.0_144"/>
    <property name="java.ext.dirs" value="C:\Program Files (x86)\Java\jdk1.8.0_144\jre\lib\ext;C:\WINDOWS\Sun\Java\lib\ext"/>
    <property name="sun.boot.class.path" value="C:\Program Files (x86)\Java\jdk1.8.0_144\jre\lib\resources.jar;C:\Program Files (x86)\Java\jdk1.8.0_144\jre\lib\rt.jar;C:\Program Files (x86)\Java\jdk1.8.0_144\jre\lib\sunrsasign.jar;C:\Program Files (x86)\Java\jdk1.8.0_144\jre\lib\jsse.jar;C:\Program Files (x86)\Java\jdk1.8.0_144\jre\lib\jce.jar;C:\Program Files (x86)\Java\jdk1.8.0_144\jre\lib\charsets.jar;C:\Program Files (x86)\Java\jdk1.8.0_144\jre\lib\jfr.jar;C:\Program Files (x86)\Java\jdk1.8.0_144\jre\classes"/>
    <property name="java.vendor" value="Oracle Corporation"/>
    <property name="localRepository" value="D:\apache-maven-3.5.3\localRepository_tx"/>
    <property name="file.separator" value="\"/>
    <property name="java.vendor.url.bug" value="http://bugreport.sun.com/bugreport/"/>
    <property name="sun.cpu.endian" value="little"/>
    <property name="sun.io.unicode.encoding" value="UnicodeLittle"/>
    <property name="sun.desktop" value="windows"/>
    <property name="sun.cpu.isalist" value="pentium_pro+mmx pentium_pro pentium+mmx pentium i486 i386 i86"/>
  </properties>
  <testcase classname="com.meituan.HomePageTest" name="test001" time="26.535"/>
  <testcase classname="com.meituan.HomePageTest" name="test002" time="34.07"/>
  <testcase classname="com.meituan.HomePageTest" name="test003" time="26.662"/>
  <testcase classname="com.meituan.HomePageTest" name="test004" time="45.048"/>
  <testcase classname="com.meituan.HomePageTest" name="test005" time="8.135"/>
  <testcase classname="com.meituan.HomePageTest" name="test006" time="44.84"/>
  <testcase classname="com.meituan.HomePageTest" name="test007" time="82.463"/>
  <testcase classname="com.meituan.HomePageTest" name="test008" time="65.111"/>
  <testcase classname="com.meituan.HomePageTest" name="test009" time="40.23"/>
  <testcase classname="com.meituan.HomePageTest" name="test010" time="35.084"/>
  <testcase classname="com.meituan.HomePageTest" name="test011" time="15.572"/>
  <testcase classname="com.meituan.HomePageTest" name="test012" time="150.557"/>
  <testcase classname="com.meituan.HomePageTest" name="test014" time="44.475">
    <failure message="expected [true] but found [false]" type="java.lang.AssertionError">java.lang.AssertionError: expected [true] but found [false]
	at org.testng.Assert.fail(Assert.java:94)
	at org.testng.Assert.failNotEquals(Assert.java:513)
	at org.testng.Assert.assertTrue(Assert.java:42)
	at org.testng.Assert.assertTrue(Assert.java:52)
	at com.meituan.HomePageTest.test014(HomePageTest.java:402)
</failure>
    <system-out>App is launched!
测试截图名称:D:\Springboot\AppiumTest\测试截图\2019-04-16-17-38-56进入我的订单测试截图.jpg
进入订单页面成功
</system-out>
  </testcase>
  <testcase classname="com.meituan.HomePageTest" name="test015" time="38.791"/>
  <testcase classname="com.meituan.HomePageTest" name="test016" time="32.627"/>
  <testcase classname="com.meituan.HomePageTest" name="test017" time="54.255"/>
  <testcase classname="com.meituan.HomePageTest" name="test018" time="60.771"/>
  <testcase classname="com.meituan.HomePageTest" name="test019" time="75.191">
    <failure message="An element could not be located on the page using the given search parameters. (WARNING: The server did not provide any stacktrace information)
Command duration or timeout: 15.97 seconds
For documentation on this error, please visit: http://seleniumhq.org/exceptions/no_such_element.html
Build info: version: &apos;2.46.0&apos;, revision: &apos;61506a4624b13675f24581e453592342b7485d71&apos;, time: &apos;2015-06-04 10:22:50&apos;
System info: host: &apos;DESKTOP-08IDGDC&apos;, ip: &apos;192.168.215.2&apos;, os.name: &apos;Windows 10&apos;, os.arch: &apos;x86&apos;, os.version: &apos;10.0&apos;, java.version: &apos;1.8.0_144&apos;
Driver info: io.appium.java_client.android.AndroidDriver
Capabilities [{appPackage=com.sankuai.meituan, networkConnectionEnabled=true, noReset=true, warnings={}, databaseEnabled=false, deviceName=edaed87d, platform=LINUX, appActivity=com.meituan.android.pt.homepage.activity.MainActivity, desired={appPackage=com.sankuai.meituan, appActivity=com.meituan.android.pt.homepage.activity.MainActivity, noReset=true, platformVersion=6.0.1, unicodeKeyboard=true, platformName=Android, deviceName=edaed87d, resetKeyboard=true}, platformVersion=6.0.1, webStorageEnabled=false, locationContextEnabled=false, browserName=Android, takesScreenshot=true, javascriptEnabled=true, unicodeKeyboard=true, platformName=Android, resetKeyboard=true}]
Session ID: 5304cb1b-ecef-4b44-806b-b2b1f68f193a
*** Element info: {Using=id, value=com.sankuai.meituan:id/order_detail_title}" type="org.openqa.selenium.NoSuchElementException">org.openqa.selenium.NoSuchElementException: An element could not be located on the page using the given search parameters. (WARNING: The server did not provide any stacktrace information)
Command duration or timeout: 15.97 seconds
For documentation on this error, please visit: http://seleniumhq.org/exceptions/no_such_element.html
Build info: version: &apos;2.46.0&apos;, revision: &apos;61506a4624b13675f24581e453592342b7485d71&apos;, time: &apos;2015-06-04 10:22:50&apos;
System info: host: &apos;DESKTOP-08IDGDC&apos;, ip: &apos;192.168.215.2&apos;, os.name: &apos;Windows 10&apos;, os.arch: &apos;x86&apos;, os.version: &apos;10.0&apos;, java.version: &apos;1.8.0_144&apos;
Driver info: io.appium.java_client.android.AndroidDriver
Capabilities [{appPackage=com.sankuai.meituan, networkConnectionEnabled=true, noReset=true, warnings={}, databaseEnabled=false, deviceName=edaed87d, platform=LINUX, appActivity=com.meituan.android.pt.homepage.activity.MainActivity, desired={appPackage=com.sankuai.meituan, appActivity=com.meituan.android.pt.homepage.activity.MainActivity, noReset=true, platformVersion=6.0.1, unicodeKeyboard=true, platformName=Android, deviceName=edaed87d, resetKeyboard=true}, platformVersion=6.0.1, webStorageEnabled=false, locationContextEnabled=false, browserName=Android, takesScreenshot=true, javascriptEnabled=true, unicodeKeyboard=true, platformName=Android, resetKeyboard=true}]
Session ID: 5304cb1b-ecef-4b44-806b-b2b1f68f193a
*** Element info: {Using=id, value=com.sankuai.meituan:id/order_detail_title}
	at sun.reflect.NativeConstructorAccessorImpl.newInstance0(Native Method)
	at sun.reflect.NativeConstructorAccessorImpl.newInstance(NativeConstructorAccessorImpl.java:62)
	at sun.reflect.DelegatingConstructorAccessorImpl.newInstance(DelegatingConstructorAccessorImpl.java:45)
	at java.lang.reflect.Constructor.newInstance(Constructor.java:423)
	at org.openqa.selenium.remote.ErrorHandler.createThrowable(ErrorHandler.java:204)
	at org.openqa.selenium.remote.ErrorHandler.throwIfResponseFailed(ErrorHandler.java:156)
	at org.openqa.selenium.remote.RemoteWebDriver.execute(RemoteWebDriver.java:605)
	at io.appium.java_client.DefaultGenericMobileDriver.execute(DefaultGenericMobileDriver.java:27)
	at io.appium.java_client.AppiumDriver.execute(AppiumDriver.java:1)
	at io.appium.java_client.android.AndroidDriver.execute(AndroidDriver.java:1)
	at org.openqa.selenium.remote.RemoteWebDriver.findElement(RemoteWebDriver.java:358)
	at org.openqa.selenium.remote.RemoteWebDriver.findElementById(RemoteWebDriver.java:399)
	at io.appium.java_client.DefaultGenericMobileDriver.findElementById(DefaultGenericMobileDriver.java:47)
	at io.appium.java_client.AppiumDriver.findElementById(AppiumDriver.java:1)
	at io.appium.java_client.android.AndroidDriver.findElementById(AndroidDriver.java:1)
	at org.openqa.selenium.By$ById.findElement(By.java:215)
	at org.openqa.selenium.remote.RemoteWebDriver.findElement(RemoteWebDriver.java:350)
	at io.appium.java_client.DefaultGenericMobileDriver.findElement(DefaultGenericMobileDriver.java:37)
	at io.appium.java_client.AppiumDriver.findElement(AppiumDriver.java:1)
	at io.appium.java_client.android.AndroidDriver.findElement(AndroidDriver.java:1)
	at com.meituan.Util.Action.gettext(Action.java:354)
	at com.meituan.HomePageTest.test019(HomePageTest.java:601)
</failure>
    <system-out>App is launched!
测试截图名称:D:\Springboot\AppiumTest\测试截图\2019-04-16-17-43-23进入我的订单测试截图.jpg
进入订单页面成功
有订单
测试截图名称:D:\Springboot\AppiumTest\测试截图\2019-04-16-17-43-56测试截图01902.jpg
</system-out>
  </testcase>
  <testcase classname="com.meituan.HomePageTest" name="test020" time="2.06">
    <failure message="An unknown server-side error occurred while processing the command. (WARNING: The server did not provide any stacktrace information)
Command duration or timeout: 20 milliseconds
Build info: version: &apos;2.46.0&apos;, revision: &apos;61506a4624b13675f24581e453592342b7485d71&apos;, time: &apos;2015-06-04 10:22:50&apos;
System info: host: &apos;DESKTOP-08IDGDC&apos;, ip: &apos;192.168.215.2&apos;, os.name: &apos;Windows 10&apos;, os.arch: &apos;x86&apos;, os.version: &apos;10.0&apos;, java.version: &apos;1.8.0_144&apos;
Driver info: io.appium.java_client.android.AndroidDriver
Capabilities [{appPackage=com.sankuai.meituan, networkConnectionEnabled=true, noReset=true, warnings={}, databaseEnabled=false, deviceName=edaed87d, platform=LINUX, appActivity=com.meituan.android.pt.homepage.activity.MainActivity, desired={appPackage=com.sankuai.meituan, appActivity=com.meituan.android.pt.homepage.activity.MainActivity, noReset=true, platformVersion=6.0.1, unicodeKeyboard=true, platformName=Android, deviceName=edaed87d, resetKeyboard=true}, platformVersion=6.0.1, webStorageEnabled=false, locationContextEnabled=false, browserName=Android, takesScreenshot=true, javascriptEnabled=true, unicodeKeyboard=true, platformName=Android, resetKeyboard=true}]
Session ID: fb95a71b-6ca2-4a09-81f7-e817d5b152cc" type="org.openqa.selenium.WebDriverException">org.openqa.selenium.WebDriverException: An unknown server-side error occurred while processing the command. (WARNING: The server did not provide any stacktrace information)
Command duration or timeout: 20 milliseconds
Build info: version: &apos;2.46.0&apos;, revision: &apos;61506a4624b13675f24581e453592342b7485d71&apos;, time: &apos;2015-06-04 10:22:50&apos;
System info: host: &apos;DESKTOP-08IDGDC&apos;, ip: &apos;192.168.215.2&apos;, os.name: &apos;Windows 10&apos;, os.arch: &apos;x86&apos;, os.version: &apos;10.0&apos;, java.version: &apos;1.8.0_144&apos;
Driver info: io.appium.java_client.android.AndroidDriver
Capabilities [{appPackage=com.sankuai.meituan, networkConnectionEnabled=true, noReset=true, warnings={}, databaseEnabled=false, deviceName=edaed87d, platform=LINUX, appActivity=com.meituan.android.pt.homepage.activity.MainActivity, desired={appPackage=com.sankuai.meituan, appActivity=com.meituan.android.pt.homepage.activity.MainActivity, noReset=true, platformVersion=6.0.1, unicodeKeyboard=true, platformName=Android, deviceName=edaed87d, resetKeyboard=true}, platformVersion=6.0.1, webStorageEnabled=false, locationContextEnabled=false, browserName=Android, takesScreenshot=true, javascriptEnabled=true, unicodeKeyboard=true, platformName=Android, resetKeyboard=true}]
Session ID: fb95a71b-6ca2-4a09-81f7-e817d5b152cc
	at sun.reflect.NativeConstructorAccessorImpl.newInstance0(Native Method)
	at sun.reflect.NativeConstructorAccessorImpl.newInstance(NativeConstructorAccessorImpl.java:62)
	at sun.reflect.DelegatingConstructorAccessorImpl.newInstance(DelegatingConstructorAccessorImpl.java:45)
	at java.lang.reflect.Constructor.newInstance(Constructor.java:423)
	at org.openqa.selenium.remote.ErrorHandler.createThrowable(ErrorHandler.java:204)
	at org.openqa.selenium.remote.ErrorHandler.throwIfResponseFailed(ErrorHandler.java:156)
	at org.openqa.selenium.remote.RemoteWebDriver.execute(RemoteWebDriver.java:605)
	at io.appium.java_client.DefaultGenericMobileDriver.execute(DefaultGenericMobileDriver.java:27)
	at io.appium.java_client.AppiumDriver.execute(AppiumDriver.java:1)
	at io.appium.java_client.android.AndroidDriver.execute(AndroidDriver.java:1)
	at io.appium.java_client.AppiumDriver.performTouchAction(AppiumDriver.java:380)
	at io.appium.java_client.TouchAction.perform(TouchAction.java:302)
	at io.appium.java_client.AppiumDriver.swipe(AppiumDriver.java:435)
	at com.meituan.Util.Action.Swipe(Action.java:177)
	at com.meituan.HomePageTest.test020(HomePageTest.java:622)
</failure>
    <system-out>App is launched!
</system-out>
  </testcase>
  <testcase classname="com.meituan.MeiShiPageTest" name="test021" time="53.235"/>
  <testcase classname="com.meituan.MeiShiPageTest" name="test022" time="63.007">
    <failure message="expected [true] but found [false]" type="java.lang.AssertionError">java.lang.AssertionError: expected [true] but found [false]
	at org.testng.Assert.fail(Assert.java:94)
	at org.testng.Assert.failNotEquals(Assert.java:513)
	at org.testng.Assert.assertTrue(Assert.java:42)
	at org.testng.Assert.assertTrue(Assert.java:52)
	at com.meituan.MeiShiPageTest.test022(MeiShiPageTest.java:80)
</failure>
    <system-out>App is launched!
</system-out>
  </testcase>
  <testcase classname="com.meituan.MeiShiPageTest" name="test023" time="82.668"/>
  <testcase classname="com.meituan.MeiShiPageTest" name="test024" time="140.198"/>
  <testcase classname="com.meituan.MeiShiPageTest" name="test025" time="174.94"/>
  <testcase classname="com.meituan.MeiShiPageTest" name="test026" time="143.165"/>
  <testcase classname="com.meituan.MeiShiPageTest" name="test027" time="91.213"/>
  <testcase classname="com.meituan.MeiShiPageTest" name="test028" time="137.949"/>
  <testcase classname="com.meituan.MeiShiPageTest" name="test029" time="150.963"/>
  <testcase classname="com.meituan.MeiShiPageTest" name="test030" time="149.213"/>
  <testcase classname="com.meituan.MeiShiPageTest" name="test031" time="128.769"/>
  <testcase classname="com.meituan.MeiShiPageTest" name="test034" time="89.748">
    <failure message="For input string: &quot;去结算&quot;" type="java.lang.NumberFormatException">java.lang.NumberFormatException: For input string: &quot;去结算&quot;
	at sun.misc.FloatingDecimal.readJavaFormatString(FloatingDecimal.java:2043)
	at sun.misc.FloatingDecimal.parseDouble(FloatingDecimal.java:110)
	at java.lang.Double.parseDouble(Double.java:538)
	at com.meituan.MeiShiPageTest.test034(MeiShiPageTest.java:988)
</failure>
    <system-out>App is launched!
满29减10;满45减15;满60减18;满99减30
商品列表中商品价格：16.8
</system-out>
  </testcase>
  <testcase classname="com.meituan.MeiShiPageTest" name="test034" time="76.775">
    <failure message="For input string: &quot;去结算&quot;" type="java.lang.NumberFormatException">java.lang.NumberFormatException: For input string: &quot;去结算&quot;
	at sun.misc.FloatingDecimal.readJavaFormatString(FloatingDecimal.java:2043)
	at sun.misc.FloatingDecimal.parseDouble(FloatingDecimal.java:110)
	at java.lang.Double.parseDouble(Double.java:538)
	at com.meituan.MeiShiPageTest.test034(MeiShiPageTest.java:988)
</failure>
    <system-out>App is launched!
满30减18;满50减25;满80减35
商品列表中商品价格：32.0
</system-out>
  </testcase>
  <testcase classname="com.meituan.MeiShiPageTest" name="test034" time="159.494"/>
  <testcase classname="com.meituan.MeiShiPageTest" name="test034" time="101.293">
    <failure message="For input string: &quot;去结算&quot;" type="java.lang.NumberFormatException">java.lang.NumberFormatException: For input string: &quot;去结算&quot;
	at sun.misc.FloatingDecimal.readJavaFormatString(FloatingDecimal.java:2043)
	at sun.misc.FloatingDecimal.parseDouble(FloatingDecimal.java:110)
	at java.lang.Double.parseDouble(Double.java:538)
	at com.meituan.MeiShiPageTest.test034(MeiShiPageTest.java:988)
</failure>
    <system-out>App is launched!
满21减20;满40减22;满60减30;满86减36;满99减45
商品列表中商品价格：9.9
</system-out>
  </testcase>
</testsuite>