<?xml version="1.0" encoding="UTF-8" ?>
<testsuite tests="1" failures="0" name="TestSuite" time="30.873" errors="0" skipped="0">
  <properties>
    <property name="java.runtime.name" value="Java(TM) SE Runtime Environment"/>
    <property name="sun.boot.library.path" value="C:\Program Files (x86)\Java\jdk1.8.0_144\jre\bin"/>
    <property name="java.vm.version" value="25.144-b01"/>
    <property name="java.vm.vendor" value="Oracle Corporation"/>
    <property name="java.vendor.url" value="http://java.oracle.com/"/>
    <property name="path.separator" value=";"/>
    <property name="java.vm.name" value="Java HotSpot(TM) Client VM"/>
    <property name="file.encoding.pkg" value="sun.io"/>
    <property name="user.script" value=""/>
    <property name="user.country" value="CN"/>
    <property name="sun.java.launcher" value="SUN_STANDARD"/>
    <property name="sun.os.patch.level" value=""/>
    <property name="java.vm.specification.name" value="Java Virtual Machine Specification"/>
    <property name="user.dir" value="D:\Springboot\AppiumTest"/>
    <property name="java.runtime.version" value="1.8.0_144-b01"/>
    <property name="java.awt.graphicsenv" value="sun.awt.Win32GraphicsEnvironment"/>
    <property name="basedir" value="D:\Springboot\AppiumTest"/>
    <property name="java.endorsed.dirs" value="C:\Program Files (x86)\Java\jdk1.8.0_144\jre\lib\endorsed"/>
    <property name="os.arch" value="x86"/>
    <property name="surefire.real.class.path" value="D:\Springboot\AppiumTest\target\surefire\surefirebooter2585830759632189982.jar"/>
    <property name="java.io.tmpdir" value="C:\Users\ADMINI~1\AppData\Local\Temp\"/>
    <property name="line.separator" value="
"/>
    <property name="java.vm.specification.vendor" value="Oracle Corporation"/>
    <property name="user.variant" value=""/>
    <property name="os.name" value="Windows 10"/>
    <property name="sun.jnu.encoding" value="GBK"/>
    <property name="java.library.path" value="C:\Program Files (x86)\Java\jdk1.8.0_144\jre\bin;C:\WINDOWS\Sun\Java\bin;C:\WINDOWS\system32;C:\WINDOWS;C:\Program Files (x86)\Common Files\Oracle\Java\javapath;C:\ProgramData\Oracle\Java\javapath;C:\WINDOWS\system32;C:\WINDOWS;C:\WINDOWS\System32\Wbem;C:\WINDOWS\System32\WindowsPowerShell\v1.0\;&quot;C:\Program Files (x86)\Java\jdk1.8.0_144\bin;C:\Program Files (x86)\Java\jdk1.8.0_144\jre\bin;&quot;;D:\apache-maven-3.5.3\bin;C:\Program Files\Git\cmd;C:\Python27;C:\Program Files\MySQL\MySQL Server 8.0\bin;D:\adt-bundle-windows-x86_64-20140702\sdk\platform-tools;D:\adt-bundle-windows-x86_64-20140702\sdk\tools;C:\Program Files\nodejs\;C:\Users\Administrator\AppData\Roaming\npm\node_modules\appium\node_modules\.bin;C:\Program Files\Git LFS;D:\adt-bundle-windows-x86_64-20140702\sdk\build-tools\android-4.4W\aapt.exe;C:\Users\Administrator\AppData\Local\Microsoft\WindowsApps;C:\Users\Administrator\AppData\Local\Programs\Fiddler;C:\Users\Administrator\AppData\Local\Microsoft\WindowsApps;C:\Program Files (x86)\Java\jdk1.8.0_144\bin;D:\Tools\adb;C:\Users\Administrator\AppData\Roaming\npm;."/>
    <property name="surefire.test.class.path" value="D:\Springboot\AppiumTest\target\test-classes;D:\Springboot\AppiumTest\target\classes;D:\apache-maven-3.5.3\localRepository_tx\org\testng\testng\6.9.10\testng-6.9.10.jar;D:\apache-maven-3.5.3\localRepository_tx\com\beust\jcommander\1.48\jcommander-1.48.jar;D:\apache-maven-3.5.3\localRepository_tx\org\beanshell\bsh\2.0b4\bsh-2.0b4.jar;D:\apache-maven-3.5.3\localRepository_tx\io\appium\java-client\3.1.0\java-client-3.1.0.jar;D:\apache-maven-3.5.3\localRepository_tx\com\google\code\gson\gson\2.2.4\gson-2.2.4.jar;D:\apache-maven-3.5.3\localRepository_tx\org\seleniumhq\selenium\selenium-java\2.46.0\selenium-java-2.46.0.jar;D:\apache-maven-3.5.3\localRepository_tx\org\seleniumhq\selenium\selenium-chrome-driver\2.46.0\selenium-chrome-driver-2.46.0.jar;D:\apache-maven-3.5.3\localRepository_tx\org\seleniumhq\selenium\selenium-remote-driver\2.46.0\selenium-remote-driver-2.46.0.jar;D:\apache-maven-3.5.3\localRepository_tx\cglib\cglib-nodep\2.1_3\cglib-nodep-2.1_3.jar;D:\apache-maven-3.5.3\localRepository_tx\org\seleniumhq\selenium\selenium-api\2.46.0\selenium-api-2.46.0.jar;D:\apache-maven-3.5.3\localRepository_tx\org\seleniumhq\selenium\selenium-htmlunit-driver\2.46.0\selenium-htmlunit-driver-2.46.0.jar;D:\apache-maven-3.5.3\localRepository_tx\net\sourceforge\htmlunit\htmlunit\2.17\htmlunit-2.17.jar;D:\apache-maven-3.5.3\localRepository_tx\commons-collections\commons-collections\3.2.1\commons-collections-3.2.1.jar;D:\apache-maven-3.5.3\localRepository_tx\org\apache\commons\commons-lang3\3.4\commons-lang3-3.4.jar;D:\apache-maven-3.5.3\localRepository_tx\net\sourceforge\htmlunit\htmlunit-core-js\2.17\htmlunit-core-js-2.17.jar;D:\apache-maven-3.5.3\localRepository_tx\net\sourceforge\nekohtml\nekohtml\1.9.22\nekohtml-1.9.22.jar;D:\apache-maven-3.5.3\localRepository_tx\net\sourceforge\cssparser\cssparser\0.9.16\cssparser-0.9.16.jar;D:\apache-maven-3.5.3\localRepository_tx\org\w3c\css\sac\1.3\sac-1.3.jar;D:\apache-maven-3.5.3\localRepository_tx\org\eclipse\jetty\websocket\websocket-client\9.2.11.v20150529\websocket-client-9.2.11.v20150529.jar;D:\apache-maven-3.5.3\localRepository_tx\org\eclipse\jetty\jetty-util\9.2.11.v20150529\jetty-util-9.2.11.v20150529.jar;D:\apache-maven-3.5.3\localRepository_tx\org\eclipse\jetty\jetty-io\9.2.11.v20150529\jetty-io-9.2.11.v20150529.jar;D:\apache-maven-3.5.3\localRepository_tx\org\eclipse\jetty\websocket\websocket-common\9.2.11.v20150529\websocket-common-9.2.11.v20150529.jar;D:\apache-maven-3.5.3\localRepository_tx\org\eclipse\jetty\websocket\websocket-api\9.2.11.v20150529\websocket-api-9.2.11.v20150529.jar;D:\apache-maven-3.5.3\localRepository_tx\org\seleniumhq\selenium\selenium-firefox-driver\2.46.0\selenium-firefox-driver-2.46.0.jar;D:\apache-maven-3.5.3\localRepository_tx\org\apache\commons\commons-exec\1.3\commons-exec-1.3.jar;D:\apache-maven-3.5.3\localRepository_tx\org\seleniumhq\selenium\selenium-ie-driver\2.46.0\selenium-ie-driver-2.46.0.jar;D:\apache-maven-3.5.3\localRepository_tx\net\java\dev\jna\jna\4.1.0\jna-4.1.0.jar;D:\apache-maven-3.5.3\localRepository_tx\net\java\dev\jna\jna-platform\4.1.0\jna-platform-4.1.0.jar;D:\apache-maven-3.5.3\localRepository_tx\org\seleniumhq\selenium\selenium-safari-driver\2.46.0\selenium-safari-driver-2.46.0.jar;D:\apache-maven-3.5.3\localRepository_tx\org\seleniumhq\selenium\selenium-support\2.46.0\selenium-support-2.46.0.jar;D:\apache-maven-3.5.3\localRepository_tx\org\webbitserver\webbit\0.4.14\webbit-0.4.14.jar;D:\apache-maven-3.5.3\localRepository_tx\io\netty\netty\3.5.2.Final\netty-3.5.2.Final.jar;D:\apache-maven-3.5.3\localRepository_tx\org\seleniumhq\selenium\selenium-leg-rc\2.46.0\selenium-leg-rc-2.46.0.jar;D:\apache-maven-3.5.3\localRepository_tx\org\apache\httpcomponents\httpclient\4.3.3\httpclient-4.3.3.jar;D:\apache-maven-3.5.3\localRepository_tx\org\apache\httpcomponents\httpcore\4.3.2\httpcore-4.3.2.jar;D:\apache-maven-3.5.3\localRepository_tx\commons-codec\commons-codec\1.6\commons-codec-1.6.jar;D:\apache-maven-3.5.3\localRepository_tx\com\google\guava\guava\17.0\guava-17.0.jar;D:\apache-maven-3.5.3\localRepository_tx\cglib\cglib\3.1\cglib-3.1.jar;D:\apache-maven-3.5.3\localRepository_tx\org\ow2\asm\asm\4.2\asm-4.2.jar;D:\apache-maven-3.5.3\localRepository_tx\jaxen\jaxen\1.1.1\jaxen-1.1.1.jar;D:\apache-maven-3.5.3\localRepository_tx\dom4j\dom4j\1.6.1\dom4j-1.6.1.jar;D:\apache-maven-3.5.3\localRepository_tx\jdom\jdom\1.0\jdom-1.0.jar;D:\apache-maven-3.5.3\localRepository_tx\xml-apis\xml-apis\1.3.02\xml-apis-1.3.02.jar;D:\apache-maven-3.5.3\localRepository_tx\xerces\xercesImpl\2.6.2\xercesImpl-2.6.2.jar;D:\apache-maven-3.5.3\localRepository_tx\xom\xom\1.0\xom-1.0.jar;D:\apache-maven-3.5.3\localRepository_tx\xerces\xmlParserAPIs\2.6.2\xmlParserAPIs-2.6.2.jar;D:\apache-maven-3.5.3\localRepository_tx\xalan\xalan\2.6.0\xalan-2.6.0.jar;D:\apache-maven-3.5.3\localRepository_tx\com\ibm\icu\icu4j\2.6.1\icu4j-2.6.1.jar;D:\apache-maven-3.5.3\localRepository_tx\commons-io\commons-io\2.4\commons-io-2.4.jar;D:\apache-maven-3.5.3\localRepository_tx\org\slf4j\slf4j-api\1.7.21\slf4j-api-1.7.21.jar;D:\apache-maven-3.5.3\localRepository_tx\org\slf4j\slf4j-log4j12\1.7.21\slf4j-log4j12-1.7.21.jar;D:\apache-maven-3.5.3\localRepository_tx\org\slf4j\slf4j-simple\1.7.21\slf4j-simple-1.7.21.jar;D:\apache-maven-3.5.3\localRepository_tx\org\springframework\spring-context\4.2.6.RELEASE\spring-context-4.2.6.RELEASE.jar;D:\apache-maven-3.5.3\localRepository_tx\org\springframework\spring-aop\4.2.6.RELEASE\spring-aop-4.2.6.RELEASE.jar;D:\apache-maven-3.5.3\localRepository_tx\aopalliance\aopalliance\1.0\aopalliance-1.0.jar;D:\apache-maven-3.5.3\localRepository_tx\org\springframework\spring-beans\4.2.6.RELEASE\spring-beans-4.2.6.RELEASE.jar;D:\apache-maven-3.5.3\localRepository_tx\org\springframework\spring-core\4.2.6.RELEASE\spring-core-4.2.6.RELEASE.jar;D:\apache-maven-3.5.3\localRepository_tx\org\springframework\spring-expression\4.2.6.RELEASE\spring-expression-4.2.6.RELEASE.jar;D:\apache-maven-3.5.3\localRepository_tx\mysql\mysql-connector-java\8.0.13\mysql-connector-java-8.0.13.jar;D:\apache-maven-3.5.3\localRepository_tx\com\google\protobuf\protobuf-java\3.6.1\protobuf-java-3.6.1.jar;D:\apache-maven-3.5.3\localRepository_tx\org\mybatis\mybatis\3.4.4\mybatis-3.4.4.jar;D:\apache-maven-3.5.3\localRepository_tx\org\yaml\snakeyaml\1.12\snakeyaml-1.12.jar;D:\apache-maven-3.5.3\localRepository_tx\com\relevantcodes\extentreports\2.41.1\extentreports-2.41.1.jar;D:\apache-maven-3.5.3\localRepository_tx\org\jsoup\jsoup\1.8.3\jsoup-1.8.3.jar;D:\apache-maven-3.5.3\localRepository_tx\org\xerial\sqlite-jdbc\3.8.11.1\sqlite-jdbc-3.8.11.1.jar;D:\apache-maven-3.5.3\localRepository_tx\org\freemarker\freemarker\2.3.23\freemarker-2.3.23.jar;D:\apache-maven-3.5.3\localRepository_tx\org\mongodb\mongodb-driver\3.0.4\mongodb-driver-3.0.4.jar;D:\apache-maven-3.5.3\localRepository_tx\org\mongodb\bson\3.0.4\bson-3.0.4.jar;D:\apache-maven-3.5.3\localRepository_tx\org\mongodb\mongodb-driver-core\3.0.4\mongodb-driver-core-3.0.4.jar;D:\apache-maven-3.5.3\localRepository_tx\com\vimalselvam\testng-extentsreport\1.3.1\testng-extentsreport-1.3.1.jar;D:\apache-maven-3.5.3\localRepository_tx\com\aventstack\extentreports\3.0.6\extentreports-3.0.6.jar;D:\apache-maven-3.5.3\localRepository_tx\org\apache\httpcomponents\httpmime\4.5.2\httpmime-4.5.2.jar;D:\apache-maven-3.5.3\localRepository_tx\com\lowagie\itext\2.1.5\itext-2.1.5.jar;D:\apache-maven-3.5.3\localRepository_tx\bouncycastle\bcmail-jdk14\138\bcmail-jdk14-138.jar;D:\apache-maven-3.5.3\localRepository_tx\bouncycastle\bcprov-jdk14\138\bcprov-jdk14-138.jar;D:\apache-maven-3.5.3\localRepository_tx\com\lowagie\itext-rtf\2.1.4\itext-rtf-2.1.4.jar;D:\apache-maven-3.5.3\localRepository_tx\com\itextpdf\itext-asian\5.2.0\itext-asian-5.2.0.jar;D:\apache-maven-3.5.3\localRepository_tx\commons-logging\commons-logging\1.2\commons-logging-1.2.jar;D:\apache-maven-3.5.3\localRepository_tx\log4j\log4j\1.2.17\log4j-1.2.17.jar;"/>
    <property name="java.specification.name" value="Java Platform API Specification"/>
    <property name="java.class.version" value="52.0"/>
    <property name="sun.management.compiler" value="HotSpot Client Compiler"/>
    <property name="os.version" value="10.0"/>
    <property name="user.home" value="C:\Users\Administrator"/>
    <property name="user.timezone" value="Asia/Shanghai"/>
    <property name="java.awt.printerjob" value="sun.awt.windows.WPrinterJob"/>
    <property name="java.specification.version" value="1.8"/>
    <property name="file.encoding" value="UTF-8"/>
    <property name="user.name" value="Administrator"/>
    <property name="java.class.path" value="D:\Springboot\AppiumTest\target\test-classes;D:\Springboot\AppiumTest\target\classes;D:\apache-maven-3.5.3\localRepository_tx\org\testng\testng\6.9.10\testng-6.9.10.jar;D:\apache-maven-3.5.3\localRepository_tx\com\beust\jcommander\1.48\jcommander-1.48.jar;D:\apache-maven-3.5.3\localRepository_tx\org\beanshell\bsh\2.0b4\bsh-2.0b4.jar;D:\apache-maven-3.5.3\localRepository_tx\io\appium\java-client\3.1.0\java-client-3.1.0.jar;D:\apache-maven-3.5.3\localRepository_tx\com\google\code\gson\gson\2.2.4\gson-2.2.4.jar;D:\apache-maven-3.5.3\localRepository_tx\org\seleniumhq\selenium\selenium-java\2.46.0\selenium-java-2.46.0.jar;D:\apache-maven-3.5.3\localRepository_tx\org\seleniumhq\selenium\selenium-chrome-driver\2.46.0\selenium-chrome-driver-2.46.0.jar;D:\apache-maven-3.5.3\localRepository_tx\org\seleniumhq\selenium\selenium-remote-driver\2.46.0\selenium-remote-driver-2.46.0.jar;D:\apache-maven-3.5.3\localRepository_tx\cglib\cglib-nodep\2.1_3\cglib-nodep-2.1_3.jar;D:\apache-maven-3.5.3\localRepository_tx\org\seleniumhq\selenium\selenium-api\2.46.0\selenium-api-2.46.0.jar;D:\apache-maven-3.5.3\localRepository_tx\org\seleniumhq\selenium\selenium-htmlunit-driver\2.46.0\selenium-htmlunit-driver-2.46.0.jar;D:\apache-maven-3.5.3\localRepository_tx\net\sourceforge\htmlunit\htmlunit\2.17\htmlunit-2.17.jar;D:\apache-maven-3.5.3\localRepository_tx\commons-collections\commons-collections\3.2.1\commons-collections-3.2.1.jar;D:\apache-maven-3.5.3\localRepository_tx\org\apache\commons\commons-lang3\3.4\commons-lang3-3.4.jar;D:\apache-maven-3.5.3\localRepository_tx\net\sourceforge\htmlunit\htmlunit-core-js\2.17\htmlunit-core-js-2.17.jar;D:\apache-maven-3.5.3\localRepository_tx\net\sourceforge\nekohtml\nekohtml\1.9.22\nekohtml-1.9.22.jar;D:\apache-maven-3.5.3\localRepository_tx\net\sourceforge\cssparser\cssparser\0.9.16\cssparser-0.9.16.jar;D:\apache-maven-3.5.3\localRepository_tx\org\w3c\css\sac\1.3\sac-1.3.jar;D:\apache-maven-3.5.3\localRepository_tx\org\eclipse\jetty\websocket\websocket-client\9.2.11.v20150529\websocket-client-9.2.11.v20150529.jar;D:\apache-maven-3.5.3\localRepository_tx\org\eclipse\jetty\jetty-util\9.2.11.v20150529\jetty-util-9.2.11.v20150529.jar;D:\apache-maven-3.5.3\localRepository_tx\org\eclipse\jetty\jetty-io\9.2.11.v20150529\jetty-io-9.2.11.v20150529.jar;D:\apache-maven-3.5.3\localRepository_tx\org\eclipse\jetty\websocket\websocket-common\9.2.11.v20150529\websocket-common-9.2.11.v20150529.jar;D:\apache-maven-3.5.3\localRepository_tx\org\eclipse\jetty\websocket\websocket-api\9.2.11.v20150529\websocket-api-9.2.11.v20150529.jar;D:\apache-maven-3.5.3\localRepository_tx\org\seleniumhq\selenium\selenium-firefox-driver\2.46.0\selenium-firefox-driver-2.46.0.jar;D:\apache-maven-3.5.3\localRepository_tx\org\apache\commons\commons-exec\1.3\commons-exec-1.3.jar;D:\apache-maven-3.5.3\localRepository_tx\org\seleniumhq\selenium\selenium-ie-driver\2.46.0\selenium-ie-driver-2.46.0.jar;D:\apache-maven-3.5.3\localRepository_tx\net\java\dev\jna\jna\4.1.0\jna-4.1.0.jar;D:\apache-maven-3.5.3\localRepository_tx\net\java\dev\jna\jna-platform\4.1.0\jna-platform-4.1.0.jar;D:\apache-maven-3.5.3\localRepository_tx\org\seleniumhq\selenium\selenium-safari-driver\2.46.0\selenium-safari-driver-2.46.0.jar;D:\apache-maven-3.5.3\localRepository_tx\org\seleniumhq\selenium\selenium-support\2.46.0\selenium-support-2.46.0.jar;D:\apache-maven-3.5.3\localRepository_tx\org\webbitserver\webbit\0.4.14\webbit-0.4.14.jar;D:\apache-maven-3.5.3\localRepository_tx\io\netty\netty\3.5.2.Final\netty-3.5.2.Final.jar;D:\apache-maven-3.5.3\localRepository_tx\org\seleniumhq\selenium\selenium-leg-rc\2.46.0\selenium-leg-rc-2.46.0.jar;D:\apache-maven-3.5.3\localRepository_tx\org\apache\httpcomponents\httpclient\4.3.3\httpclient-4.3.3.jar;D:\apache-maven-3.5.3\localRepository_tx\org\apache\httpcomponents\httpcore\4.3.2\httpcore-4.3.2.jar;D:\apache-maven-3.5.3\localRepository_tx\commons-codec\commons-codec\1.6\commons-codec-1.6.jar;D:\apache-maven-3.5.3\localRepository_tx\com\google\guava\guava\17.0\guava-17.0.jar;D:\apache-maven-3.5.3\localRepository_tx\cglib\cglib\3.1\cglib-3.1.jar;D:\apache-maven-3.5.3\localRepository_tx\org\ow2\asm\asm\4.2\asm-4.2.jar;D:\apache-maven-3.5.3\localRepository_tx\jaxen\jaxen\1.1.1\jaxen-1.1.1.jar;D:\apache-maven-3.5.3\localRepository_tx\dom4j\dom4j\1.6.1\dom4j-1.6.1.jar;D:\apache-maven-3.5.3\localRepository_tx\jdom\jdom\1.0\jdom-1.0.jar;D:\apache-maven-3.5.3\localRepository_tx\xml-apis\xml-apis\1.3.02\xml-apis-1.3.02.jar;D:\apache-maven-3.5.3\localRepository_tx\xerces\xercesImpl\2.6.2\xercesImpl-2.6.2.jar;D:\apache-maven-3.5.3\localRepository_tx\xom\xom\1.0\xom-1.0.jar;D:\apache-maven-3.5.3\localRepository_tx\xerces\xmlParserAPIs\2.6.2\xmlParserAPIs-2.6.2.jar;D:\apache-maven-3.5.3\localRepository_tx\xalan\xalan\2.6.0\xalan-2.6.0.jar;D:\apache-maven-3.5.3\localRepository_tx\com\ibm\icu\icu4j\2.6.1\icu4j-2.6.1.jar;D:\apache-maven-3.5.3\localRepository_tx\commons-io\commons-io\2.4\commons-io-2.4.jar;D:\apache-maven-3.5.3\localRepository_tx\org\slf4j\slf4j-api\1.7.21\slf4j-api-1.7.21.jar;D:\apache-maven-3.5.3\localRepository_tx\org\slf4j\slf4j-log4j12\1.7.21\slf4j-log4j12-1.7.21.jar;D:\apache-maven-3.5.3\localRepository_tx\org\slf4j\slf4j-simple\1.7.21\slf4j-simple-1.7.21.jar;D:\apache-maven-3.5.3\localRepository_tx\org\springframework\spring-context\4.2.6.RELEASE\spring-context-4.2.6.RELEASE.jar;D:\apache-maven-3.5.3\localRepository_tx\org\springframework\spring-aop\4.2.6.RELEASE\spring-aop-4.2.6.RELEASE.jar;D:\apache-maven-3.5.3\localRepository_tx\aopalliance\aopalliance\1.0\aopalliance-1.0.jar;D:\apache-maven-3.5.3\localRepository_tx\org\springframework\spring-beans\4.2.6.RELEASE\spring-beans-4.2.6.RELEASE.jar;D:\apache-maven-3.5.3\localRepository_tx\org\springframework\spring-core\4.2.6.RELEASE\spring-core-4.2.6.RELEASE.jar;D:\apache-maven-3.5.3\localRepository_tx\org\springframework\spring-expression\4.2.6.RELEASE\spring-expression-4.2.6.RELEASE.jar;D:\apache-maven-3.5.3\localRepository_tx\mysql\mysql-connector-java\8.0.13\mysql-connector-java-8.0.13.jar;D:\apache-maven-3.5.3\localRepository_tx\com\google\protobuf\protobuf-java\3.6.1\protobuf-java-3.6.1.jar;D:\apache-maven-3.5.3\localRepository_tx\org\mybatis\mybatis\3.4.4\mybatis-3.4.4.jar;D:\apache-maven-3.5.3\localRepository_tx\org\yaml\snakeyaml\1.12\snakeyaml-1.12.jar;D:\apache-maven-3.5.3\localRepository_tx\com\relevantcodes\extentreports\2.41.1\extentreports-2.41.1.jar;D:\apache-maven-3.5.3\localRepository_tx\org\jsoup\jsoup\1.8.3\jsoup-1.8.3.jar;D:\apache-maven-3.5.3\localRepository_tx\org\xerial\sqlite-jdbc\3.8.11.1\sqlite-jdbc-3.8.11.1.jar;D:\apache-maven-3.5.3\localRepository_tx\org\freemarker\freemarker\2.3.23\freemarker-2.3.23.jar;D:\apache-maven-3.5.3\localRepository_tx\org\mongodb\mongodb-driver\3.0.4\mongodb-driver-3.0.4.jar;D:\apache-maven-3.5.3\localRepository_tx\org\mongodb\bson\3.0.4\bson-3.0.4.jar;D:\apache-maven-3.5.3\localRepository_tx\org\mongodb\mongodb-driver-core\3.0.4\mongodb-driver-core-3.0.4.jar;D:\apache-maven-3.5.3\localRepository_tx\com\vimalselvam\testng-extentsreport\1.3.1\testng-extentsreport-1.3.1.jar;D:\apache-maven-3.5.3\localRepository_tx\com\aventstack\extentreports\3.0.6\extentreports-3.0.6.jar;D:\apache-maven-3.5.3\localRepository_tx\org\apache\httpcomponents\httpmime\4.5.2\httpmime-4.5.2.jar;D:\apache-maven-3.5.3\localRepository_tx\com\lowagie\itext\2.1.5\itext-2.1.5.jar;D:\apache-maven-3.5.3\localRepository_tx\bouncycastle\bcmail-jdk14\138\bcmail-jdk14-138.jar;D:\apache-maven-3.5.3\localRepository_tx\bouncycastle\bcprov-jdk14\138\bcprov-jdk14-138.jar;D:\apache-maven-3.5.3\localRepository_tx\com\lowagie\itext-rtf\2.1.4\itext-rtf-2.1.4.jar;D:\apache-maven-3.5.3\localRepository_tx\com\itextpdf\itext-asian\5.2.0\itext-asian-5.2.0.jar;D:\apache-maven-3.5.3\localRepository_tx\commons-logging\commons-logging\1.2\commons-logging-1.2.jar;D:\apache-maven-3.5.3\localRepository_tx\log4j\log4j\1.2.17\log4j-1.2.17.jar;"/>
    <property name="java.vm.specification.version" value="1.8"/>
    <property name="sun.arch.data.model" value="32"/>
    <property name="java.home" value="C:\Program Files (x86)\Java\jdk1.8.0_144\jre"/>
    <property name="sun.java.command" value="D:\Springboot\AppiumTest\target\surefire\surefirebooter2585830759632189982.jar D:\Springboot\AppiumTest\target\surefire\surefire7157922546033584497tmp D:\Springboot\AppiumTest\target\surefire\surefire2518408291075844054tmp"/>
    <property name="java.specification.vendor" value="Oracle Corporation"/>
    <property name="user.language" value="zh"/>
    <property name="awt.toolkit" value="sun.awt.windows.WToolkit"/>
    <property name="java.vm.info" value="mixed mode"/>
    <property name="java.version" value="1.8.0_144"/>
    <property name="java.ext.dirs" value="C:\Program Files (x86)\Java\jdk1.8.0_144\jre\lib\ext;C:\WINDOWS\Sun\Java\lib\ext"/>
    <property name="sun.boot.class.path" value="C:\Program Files (x86)\Java\jdk1.8.0_144\jre\lib\resources.jar;C:\Program Files (x86)\Java\jdk1.8.0_144\jre\lib\rt.jar;C:\Program Files (x86)\Java\jdk1.8.0_144\jre\lib\sunrsasign.jar;C:\Program Files (x86)\Java\jdk1.8.0_144\jre\lib\jsse.jar;C:\Program Files (x86)\Java\jdk1.8.0_144\jre\lib\jce.jar;C:\Program Files (x86)\Java\jdk1.8.0_144\jre\lib\charsets.jar;C:\Program Files (x86)\Java\jdk1.8.0_144\jre\lib\jfr.jar;C:\Program Files (x86)\Java\jdk1.8.0_144\jre\classes"/>
    <property name="java.vendor" value="Oracle Corporation"/>
    <property name="localRepository" value="D:\apache-maven-3.5.3\localRepository_tx"/>
    <property name="file.separator" value="\"/>
    <property name="java.vendor.url.bug" value="http://bugreport.sun.com/bugreport/"/>
    <property name="sun.cpu.endian" value="little"/>
    <property name="sun.io.unicode.encoding" value="UnicodeLittle"/>
    <property name="sun.desktop" value="windows"/>
    <property name="sun.cpu.isalist" value="pentium_pro+mmx pentium_pro pentium+mmx pentium i486 i386 i86"/>
  </properties>
  <testcase classname="com.meituan.HomePageTest" name="test001" time="22.193"/>
</testsuite>