<?xml version="1.0" encoding="UTF-8"?>
<!-- Generated by org.testng.reporters.JUnitReportReporter -->
<testsuite hostname="DESKTOP-08IDGDC" name="com.meituan.HomePageTest" tests="1" failures="0" timestamp="20 May 2019 06:18:00 GMT" time="34.273" errors="0">
  <testcase name="test001" time="34.273" classname="com.meituan.HomePageTest"/>
</testsuite> <!-- com.meituan.HomePageTest -->
