<?xml version="1.0" encoding="UTF-8"?>
<!-- Generated by org.testng.reporters.JUnitReportReporter -->
<testsuite hostname="DESKTOP-08IDGDC" name="com.meituan.HomePageTest" tests="1" failures="0" timestamp="16 May 2019 11:59:56 GMT" time="32.878" errors="0">
  <testcase name="test001" time="32.878" classname="com.meituan.HomePageTest"/>
</testsuite> <!-- com.meituan.HomePageTest -->
