<?xml version="1.0" encoding="UTF-8"?>
<!-- Generated by org.testng.reporters.JUnitReportReporter -->
<testsuite hostname="DESKTOP-08IDGDC" name="com.meituan.Testmain" tests="2" failures="0" timestamp="16 May 2019 11:59:56 GMT" time="68.320" errors="0">
  <testcase name="teststartappium" time="33.156" classname="com.meituan.Testmain"/>
  <testcase name="teststartappium2" time="35.164" classname="com.meituan.Testmain"/>
</testsuite> <!-- com.meituan.Testmain -->
