<?xml version="1.0" encoding="UTF-8"?>
<!-- Generated by org.testng.reporters.JUnitReportReporter -->
<testsuite hostname="DESKTOP-08IDGDC" name="com.meituan.Testmain" tests="1" failures="0" timestamp="16 May 2019 08:05:16 GMT" time="35.063" errors="0">
  <testcase name="teststartappium" time="35.063" classname="com.meituan.Testmain"/>
</testsuite> <!-- com.meituan.Testmain -->
