<?xml version="1.0" encoding="UTF-8"?>
<!-- Generated by org.testng.reporters.JUnitReportReporter -->
<testsuite hostname="DESKTOP-08IDGDC" name="com.meituan.Testmain" tests="2" failures="0" timestamp="20 May 2019 06:18:00 GMT" time="61.860" errors="0">
  <testcase name="teststartappium2" time="28.547" classname="com.meituan.Testmain"/>
  <testcase name="teststartappium" time="33.313" classname="com.meituan.Testmain"/>
</testsuite> <!-- com.meituan.Testmain -->
