<?xml version="1.0" encoding="UTF-8"?>
<!-- Generated by org.testng.reporters.JUnitReportReporter -->
<testsuite hostname="DESKTOP-08IDGDC" name="com.meituan.HomePageTest" tests="1" failures="0" timestamp="17 Apr 2019 11:54:25 GMT" time="29.952" errors="0">
  <testcase name="test001" time="29.952" classname="com.meituan.HomePageTest"/>
</testsuite> <!-- com.meituan.HomePageTest -->
