<?xml version="1.0" encoding="UTF-8"?>
<!-- Generated by org.testng.reporters.JUnitReportReporter -->
<testsuite hostname="DESKTOP-08IDGDC" name="ExecMain" tests="1" failures="0" timestamp="20 May 2019 06:18:00 GMT" time="117.921" errors="0">
  <testcase name="testexec" time="117.921" classname="ExecMain"/>
</testsuite> <!-- ExecMain -->
